# JRE version: OpenJDK Runtime Environment (8.0_222-b10) (build 1.8.0_222-8u222-b10-1ubuntu1~16.04.1-b10)
# Java VM: OpenJDK 64-Bit Server VM (25.222-b10 mixed mode linux-amd64 compressed oops)
Heap:
 garbage-first heap   total 262144K, used 138020K [0x00000000c0000000, 0x00000000c0100800, 0x0000000100000000)
  region size 1024K, 71 young (72704K), 11 survivors (11264K)
 Metaspace       used 83624K, capacity 93846K, committed 93952K, reserved 1130496K
  class space    used 10264K, capacity 12986K, committed 13056K, reserved 1048576K
GC Heap History (10 events):
Event: 6,238 GC heap before
{Heap before GC invocations=5 (full 0):
 garbage-first heap   total 262144K, used 75478K [0x00000000c0000000, 0x00000000c0100800, 0x0000000100000000)
  region size 1024K, 63 young (64512K), 11 survivors (11264K)
 Metaspace       used 32235K, capacity 35656K, committed 35840K, reserved 1081344K
  class space    used 3820K, capacity 4769K, committed 4864K, reserved 1048576K
Event: 6,263 GC heap after
Heap after GC invocations=6 (full 0):
 garbage-first heap   total 262144K, used 32767K [0x00000000c0000000, 0x00000000c0100800, 0x0000000100000000)
  region size 1024K, 20 young (20480K), 20 survivors (20480K)
 Metaspace       used 32235K, capacity 35656K, committed 35840K, reserved 1081344K
  class space    used 3820K, capacity 4769K, committed 4864K, reserved 1048576K
}
Event: 8,102 GC heap before
{Heap before GC invocations=7 (full 0):
 garbage-first heap   total 262144K, used 118783K [0x00000000c0000000, 0x00000000c0100800, 0x0000000100000000)
  region size 1024K, 104 young (106496K), 20 survivors (20480K)
 Metaspace       used 48668K, capacity 54372K, committed 54528K, reserved 1095680K
  class space    used 5681K, capacity 7306K, committed 7424K, reserved 1048576K
Event: 8,144 GC heap after
Heap after GC invocations=8 (full 0):
 garbage-first heap   total 262144K, used 46418K [0x00000000c0000000, 0x00000000c0100800, 0x0000000100000000)
  region size 1024K, 13 young (13312K), 13 survivors (13312K)
 Metaspace       used 48668K, capacity 54372K, committed 54528K, reserved 1095680K
  class space    used 5681K, capacity 7306K, committed 7424K, reserved 1048576K
}
Event: 9,163 GC heap before
{Heap before GC invocations=8 (full 0):
 garbage-first heap   total 262144K, used 89426K [0x00000000c0000000, 0x00000000c0100800, 0x0000000100000000)
  region size 1024K, 56 young (57344K), 13 survivors (13312K)
 Metaspace       used 53536K, capacity 60186K, committed 60288K, reserved 1101824K
  class space    used 6268K, capacity 8183K, committed 8192K, reserved 1048576K
Event: 9,186 GC heap after
Heap after GC invocations=9 (full 0):
 garbage-first heap   total 262144K, used 52224K [0x00000000c0000000, 0x00000000c0100800, 0x0000000100000000)
  region size 1024K, 8 young (8192K), 8 survivors (8192K)
 Metaspace       used 53536K, capacity 60186K, committed 60288K, reserved 1101824K
  class space    used 6268K, capacity 8183K, committed 8192K, reserved 1048576K
}
Event: 12,188 GC heap before
{Heap before GC invocations=10 (full 0):
 garbage-first heap   total 262144K, used 169984K [0x00000000c0000000, 0x00000000c0100800, 0x0000000100000000)
  region size 1024K, 132 young (135168K), 8 survivors (8192K)
 Metaspace       used 73655K, capacity 82676K, committed 82944K, reserved 1120256K
  class space    used 9007K, capacity 11505K, committed 11520K, reserved 1048576K
Event: 12,240 GC heap after
Heap after GC invocations=11 (full 0):
 garbage-first heap   total 262144K, used 65536K [0x00000000c0000000, 0x00000000c0100800, 0x0000000100000000)
  region size 1024K, 17 young (17408K), 17 survivors (17408K)
 Metaspace       used 73655K, capacity 82676K, committed 82944K, reserved 1120256K
  class space    used 9007K, capacity 11505K, committed 11520K, reserved 1048576K
}
Event: 26,215 GC heap before
{Heap before GC invocations=11 (full 0):
 garbage-first heap   total 262144K, used 210619K [0x00000000c0000000, 0x00000000c0100800, 0x0000000100000000)
  region size 1024K, 153 young (156672K), 17 survivors (17408K)
 Metaspace       used 81724K, capacity 91604K, committed 91648K, reserved 1128448K
  class space    used 10058K, capacity 12767K, committed 12800K, reserved 1048576K
Event: 26,262 GC heap after
Heap after GC invocations=12 (full 0):
 garbage-first heap   total 262144K, used 77604K [0x00000000c0000000, 0x00000000c0100800, 0x0000000100000000)
  region size 1024K, 11 young (11264K), 11 survivors (11264K)
 Metaspace       used 81724K, capacity 91604K, committed 91648K, reserved 1128448K
  class space    used 10058K, capacity 12767K, committed 12800K, reserved 1048576K
}

